Traceback (most recent call last):
  File "C:\Users\cassi\anaconda3\envs\rclib\Lib\site-packages\jupyter_cache\executors\utils.py", line 58, in single_nb_execution
    executenb(
  File "C:\Users\cassi\anaconda3\envs\rclib\Lib\site-packages\nbclient\client.py", line 1305, in execute
    return NotebookClient(nb=nb, resources=resources, km=km, **kwargs).execute()
           ^^^^^^^^^^^^^^^^^^^^^^^^^^^^^^^^^^^^^^^^^^^^^^^^^^^^^^^^^^^^^^^^^^^^^
  File "C:\Users\cassi\anaconda3\envs\rclib\Lib\site-packages\jupyter_core\utils\__init__.py", line 165, in wrapped
    return loop.run_until_complete(inner)
           ^^^^^^^^^^^^^^^^^^^^^^^^^^^^^^
  File "C:\Users\cassi\anaconda3\envs\rclib\Lib\asyncio\base_events.py", line 686, in run_until_complete
    return future.result()
           ^^^^^^^^^^^^^^^
  File "C:\Users\cassi\anaconda3\envs\rclib\Lib\site-packages\nbclient\client.py", line 705, in async_execute
    await self.async_execute_cell(
  File "C:\Users\cassi\anaconda3\envs\rclib\Lib\site-packages\nbclient\client.py", line 1058, in async_execute_cell
    await self._check_raise_for_error(cell, cell_index, exec_reply)
  File "C:\Users\cassi\anaconda3\envs\rclib\Lib\site-packages\nbclient\client.py", line 914, in _check_raise_for_error
    raise CellExecutionError.from_cell_and_msg(cell, exec_reply_content)
nbclient.exceptions.CellExecutionError: An error occurred while executing the following cell:
------------------
{
    "tags": [
        "hide-input",
    ]
}
# https://blog.jupyter.org/make-your-pandas-or-polars-dataframes-interactive-with-itables-2-0-c64e75468fe6
import pandas as pd
df = pd.read_csv(r'C:\Users\cassi\Documents\GitHub_AB-RCSC\rc-tool_concept-library\references.csv', encoding='latin-1')

from itables import init_notebook_mode

init_notebook_mode(all_interactive=True)

from itables import show

# table1 = show(df, buttons=["copyHtml5", "csvHtml5", "excelHtml5"])
#table1-->
# Use paging=False to show the table in full
# show(df, scrollY="200px", scrollCollapse=True, paging=False)
# lengthMenu=[100, 5, 10, 20, 50]
# "targets": "_all"
# "targets": [3, 4]
# table1 = show(df, columnDefs=[{"className": "dt-left", "targets": "_all"}, {"width": "50px", "targets": "_all"}], 
#              scrollY="700px", scrollCollapse=True, paging=False, footer=True, buttons=["copyHtml5", "csvHtml5", "excelHtml5"])
# layout={"topStart": "search", "topEnd": None}
# footer=True,
#table1 = show(df, columnDefs=[{"width": "130px", "targets": [0]},{"className": "dt-left", "targets": "_all"}], style="width:1500px", autoWidth=False,
#              lengthMenu=[100, 200, 300, 400, 500],
#              search={"regex": True, "caseInsensitive": True, "search": ""},
#              classes="display wrap",
#              scrollY="700px", scrollCollapse=True, paging=True,
#              buttons=["pageLength","copyHtml5", "csvHtml5", "excelHtml5"])
# {"width": "130px", "targets": [0]}
#table1 = show(df, columnDefs=[{"width": "130px", "targets": [0]},{"className": "dt-left", "targets": "_all"}], 
table1 = show(df, columnDefs=[{"width": "130px", "targets": [0]},{"className": "dt-left", "targets": "_all"}], 
              style="width:1300px", 
              autoWidth=False,
              column_filters="header",
              layout={"topStart": "buttons", "topEnd": "search"},
              lengthMenu=[100, 200, 300, 400, 500],
              search={"regex": True, "caseInsensitive": True, "search": ""},
              classes="display wrap",
              scrollY="650px", scrollCollapse=True, paging=False,
              buttons=["pageLength","copyHtml5", "csvHtml5", "excelHtml5"])
table1
------------------


[1;31m---------------------------------------------------------------------------[0m
[1;31mModuleNotFoundError[0m                       Traceback (most recent call last)
Cell [1;32mIn[1], line 7[0m
[0;32m      1[0m {
[0;32m      2[0m     [38;5;124m"[39m[38;5;124mtags[39m[38;5;124m"[39m: [
[0;32m      3[0m         [38;5;124m"[39m[38;5;124mhide-input[39m[38;5;124m"[39m,
[0;32m      4[0m     ]
[0;32m      5[0m }
[0;32m      6[0m [38;5;66;03m# https://blog.jupyter.org/make-your-pandas-or-polars-dataframes-interactive-with-itables-2-0-c64e75468fe6[39;00m
[1;32m----> 7[0m [38;5;28;01mimport[39;00m[38;5;250m [39m[38;5;21;01mpandas[39;00m[38;5;250m [39m[38;5;28;01mas[39;00m[38;5;250m [39m[38;5;21;01mpd[39;00m
[0;32m      8[0m df [38;5;241m=[39m pd[38;5;241m.[39mread_csv([38;5;124mr[39m[38;5;124m'[39m[38;5;124mC:[39m[38;5;124m\[39m[38;5;124mUsers[39m[38;5;124m\[39m[38;5;124mcassi[39m[38;5;124m\[39m[38;5;124mDocuments[39m[38;5;124m\[39m[38;5;124mGitHub_AB-RCSC[39m[38;5;124m\[39m[38;5;124mrc-tool_concept-library[39m[38;5;124m\[39m[38;5;124mreferences.csv[39m[38;5;124m'[39m, encoding[38;5;241m=[39m[38;5;124m'[39m[38;5;124mlatin-1[39m[38;5;124m'[39m)
[0;32m     10[0m [38;5;28;01mfrom[39;00m[38;5;250m [39m[38;5;21;01mitables[39;00m[38;5;250m [39m[38;5;28;01mimport[39;00m init_notebook_mode

[1;31mModuleNotFoundError[0m: No module named 'pandas'

